<?xml version="1.0" encoding="UTF-8"?>
<!-- Generated by org.testng.reporters.JUnitReportReporter -->
<testsuite hostname="DESKTOP-HN4067J" failures="0" tests="1" name="com.crm.comcast.practice.ContactTest" time="0.002" errors="0" timestamp="2022-01-25T18:20:12 IST" skipped="0">
  <testcase classname="com.crm.comcast.practice.ContactTest" name="executeContactTest" time="0.002"/>
  <system-out/>
</testsuite> <!-- com.crm.comcast.practice.ContactTest -->
